<?xml version="1.0" encoding="UTF-8"?>
<!-- Generated by org.testng.reporters.JUnitReportReporter -->
<testsuite skipped="0" hostname="50HW002835" name="com.consol.citrus.samples.todolist.TodoListIT" tests="5" failures="0" timestamp="21 ago 2018 00:28:41 GMT" time="2.218" errors="0">
  <testcase name="testJsonPayloadGetValidation" time="0.331" classname="com.consol.citrus.samples.todolist.TodoListIT"/>
  <testcase name="testJsonPayloadPatchValidation" time="0.263" classname="com.consol.citrus.samples.todolist.TodoListIT"/>
  <testcase name="testJsonPayloadDeleteValidation" time="1.213" classname="com.consol.citrus.samples.todolist.TodoListIT"/>
  <testcase name="testJsonPayloadPostValidation" time="0.266" classname="com.consol.citrus.samples.todolist.TodoListIT"/>
  <testcase name="testJsonPayloadPutValidation" time="0.145" classname="com.consol.citrus.samples.todolist.TodoListIT"/>
</testsuite> <!-- com.consol.citrus.samples.todolist.TodoListIT -->
