<?xml version="1.0" encoding="UTF-8"?>
<!-- Generated by org.testng.reporters.JUnitReportReporter -->
<testsuite skipped="0" hostname="50HW002835" name="com.consol.citrus.samples.todolist.TodoListIT" tests="5" failures="0" timestamp="20 ago 2018 23:32:49 GMT" time="1.715" errors="0">
  <testcase name="testJsonPayloadGetValidation" time="0.158" classname="com.consol.citrus.samples.todolist.TodoListIT"/>
  <testcase name="testJsonPayloadPatchValidation" time="0.149" classname="com.consol.citrus.samples.todolist.TodoListIT"/>
  <testcase name="testJsonPayloadDeleteValidation" time="1.117" classname="com.consol.citrus.samples.todolist.TodoListIT"/>
  <testcase name="testJsonPayloadPostValidation" time="0.153" classname="com.consol.citrus.samples.todolist.TodoListIT"/>
  <testcase name="testJsonPayloadPutValidation" time="0.138" classname="com.consol.citrus.samples.todolist.TodoListIT"/>
</testsuite> <!-- com.consol.citrus.samples.todolist.TodoListIT -->
